<?xml version="1.0" encoding="UTF-8"?>
<testsuite name="de.ite.dus.pfc.power.importer.converter.PfcConverterTest" tests="1" skipped="0" failures="0" errors="0" timestamp="2018-05-05T09:51:38" hostname="BVZGY32" time="0.029">
  <properties/>
  <testcase name="convert" classname="de.ite.dus.pfc.power.importer.converter.PfcConverterTest" time="0.029"/>
  <system-out><![CDATA[]]></system-out>
  <system-err><![CDATA[]]></system-err>
</testsuite>
