<?xml version="1.0" encoding="UTF-8"?>
<testsuite name="de.ite.dus.pfc.power.importer.serializer.PfcXmlDeserializerTest" tests="1" skipped="0" failures="0" errors="0" timestamp="2018-05-05T09:51:38" hostname="BVZGY32" time="0.102">
  <properties/>
  <testcase name="deserialize" classname="de.ite.dus.pfc.power.importer.serializer.PfcXmlDeserializerTest" time="0.102"/>
  <system-out><![CDATA[]]></system-out>
  <system-err><![CDATA[]]></system-err>
</testsuite>
