<?xml version="1.0" encoding="UTF-8"?>
<testsuite name="de.ite.dus.pfc.power.importer.serializer.PfcXmlDeserializerTest" tests="1" skipped="0" failures="0" errors="0" timestamp="2018-05-04T19:11:20" hostname="BVZGY32" time="0.179">
  <properties/>
  <testcase name="deserialize" classname="de.ite.dus.pfc.power.importer.serializer.PfcXmlDeserializerTest" time="0.179"/>
  <system-out><![CDATA[]]></system-out>
  <system-err><![CDATA[]]></system-err>
</testsuite>
